<?xml version="1.0" encoding="UTF-8"?>
<testng-results ignored="0" total="4" passed="4" failed="0" skipped="0">
  <reporter-output>
  </reporter-output>
  <suite started-at="2025-05-23T11:09:04 IST" name="Default suite" finished-at="2025-05-23T11:09:16 IST" duration-ms="11782">
    <groups>
    </groups>
    <test started-at="2025-05-23T11:09:04 IST" name="Default test" finished-at="2025-05-23T11:09:16 IST" duration-ms="11782">
      <class name="testScript.Logintest">
        <test-method is-config="true" signature="initializeBrowser()[pri:0, instance:testScript.Logintest@1bd4fdd]" started-at="2025-05-23T11:09:04 IST" name="initializeBrowser" finished-at="2025-05-23T11:09:07 IST" duration-ms="2515" status="PASS">
          <reporter-output>
          </reporter-output>
        </test-method> <!-- initializeBrowser -->
        <test-method signature="VerifyUserLoginWithValidCredentials()[pri:0, instance:testScript.Logintest@1bd4fdd]" started-at="2025-05-23T11:09:07 IST" name="VerifyUserLoginWithValidCredentials" finished-at="2025-05-23T11:09:08 IST" duration-ms="1450" status="PASS">
          <reporter-output>
          </reporter-output>
        </test-method> <!-- VerifyUserLoginWithValidCredentials -->
        <test-method is-config="true" signature="browserCloseandQuit()[pri:0, instance:testScript.Logintest@1bd4fdd]" started-at="2025-05-23T11:09:08 IST" name="browserCloseandQuit" finished-at="2025-05-23T11:09:09 IST" duration-ms="311" status="PASS">
          <reporter-output>
          </reporter-output>
        </test-method> <!-- browserCloseandQuit -->
        <test-method is-config="true" signature="initializeBrowser()[pri:0, instance:testScript.Logintest@1bd4fdd]" started-at="2025-05-23T11:09:09 IST" name="initializeBrowser" finished-at="2025-05-23T11:09:11 IST" duration-ms="1883" status="PASS">
          <reporter-output>
          </reporter-output>
        </test-method> <!-- initializeBrowser -->
        <test-method signature="VerifyUserLoginWithValidUserNameandinValidpassword()[pri:0, instance:testScript.Logintest@1bd4fdd]" started-at="2025-05-23T11:09:11 IST" name="VerifyUserLoginWithValidUserNameandinValidpassword" finished-at="2025-05-23T11:09:11 IST" duration-ms="349" status="PASS">
          <reporter-output>
          </reporter-output>
        </test-method> <!-- VerifyUserLoginWithValidUserNameandinValidpassword -->
        <test-method is-config="true" signature="browserCloseandQuit()[pri:0, instance:testScript.Logintest@1bd4fdd]" started-at="2025-05-23T11:09:11 IST" name="browserCloseandQuit" finished-at="2025-05-23T11:09:11 IST" duration-ms="302" status="PASS">
          <reporter-output>
          </reporter-output>
        </test-method> <!-- browserCloseandQuit -->
        <test-method is-config="true" signature="initializeBrowser()[pri:0, instance:testScript.Logintest@1bd4fdd]" started-at="2025-05-23T11:09:11 IST" name="initializeBrowser" finished-at="2025-05-23T11:09:13 IST" duration-ms="2114" status="PASS">
          <reporter-output>
          </reporter-output>
        </test-method> <!-- initializeBrowser -->
        <test-method signature="VerifyUserLoginWithinValidCredentials()[pri:0, instance:testScript.Logintest@1bd4fdd]" started-at="2025-05-23T11:09:13 IST" name="VerifyUserLoginWithinValidCredentials" finished-at="2025-05-23T11:09:14 IST" duration-ms="280" status="PASS">
          <reporter-output>
          </reporter-output>
        </test-method> <!-- VerifyUserLoginWithinValidCredentials -->
        <test-method is-config="true" signature="browserCloseandQuit()[pri:0, instance:testScript.Logintest@1bd4fdd]" started-at="2025-05-23T11:09:14 IST" name="browserCloseandQuit" finished-at="2025-05-23T11:09:14 IST" duration-ms="224" status="PASS">
          <reporter-output>
          </reporter-output>
        </test-method> <!-- browserCloseandQuit -->
        <test-method is-config="true" signature="initializeBrowser()[pri:0, instance:testScript.Logintest@1bd4fdd]" started-at="2025-05-23T11:09:14 IST" name="initializeBrowser" finished-at="2025-05-23T11:09:16 IST" duration-ms="1733" status="PASS">
          <reporter-output>
          </reporter-output>
        </test-method> <!-- initializeBrowser -->
        <test-method signature="VerifyUserLoginWithinValidUserNameanValdidpassword()[pri:0, instance:testScript.Logintest@1bd4fdd]" started-at="2025-05-23T11:09:16 IST" name="VerifyUserLoginWithinValidUserNameanValdidpassword" finished-at="2025-05-23T11:09:16 IST" duration-ms="280" status="PASS">
          <reporter-output>
          </reporter-output>
        </test-method> <!-- VerifyUserLoginWithinValidUserNameanValdidpassword -->
        <test-method is-config="true" signature="browserCloseandQuit()[pri:0, instance:testScript.Logintest@1bd4fdd]" started-at="2025-05-23T11:09:16 IST" name="browserCloseandQuit" finished-at="2025-05-23T11:09:16 IST" duration-ms="260" status="PASS">
          <reporter-output>
          </reporter-output>
        </test-method> <!-- browserCloseandQuit -->
      </class> <!-- testScript.Logintest -->
    </test> <!-- Default test -->
  </suite> <!-- Default suite -->
</testng-results>
