<?xml version="1.0" encoding="UTF-8"?>
<testng-results ignored="0" total="4" passed="4" failed="0" skipped="0">
  <reporter-output>
  </reporter-output>
  <suite started-at="2025-05-26T10:51:57 IST" name="Default suite" finished-at="2025-05-26T10:52:06 IST" duration-ms="8455">
    <groups>
    </groups>
    <test started-at="2025-05-26T10:51:57 IST" name="Default test" finished-at="2025-05-26T10:52:06 IST" duration-ms="8455">
      <class name="testScript.Logintest">
        <test-method is-config="true" signature="initializeBrowser()[pri:0, instance:testScript.Logintest@1bd4fdd]" started-at="2025-05-26T10:51:57 IST" name="initializeBrowser" finished-at="2025-05-26T10:51:59 IST" duration-ms="2042" status="PASS">
          <reporter-output>
          </reporter-output>
        </test-method> <!-- initializeBrowser -->
        <test-method signature="VerifyUserLoginWithValidCredentials()[pri:0, instance:testScript.Logintest@1bd4fdd]" started-at="2025-05-26T10:51:59 IST" name="VerifyUserLoginWithValidCredentials" finished-at="2025-05-26T10:52:00 IST" duration-ms="452" status="PASS">
          <reporter-output>
          </reporter-output>
        </test-method> <!-- VerifyUserLoginWithValidCredentials -->
        <test-method is-config="true" signature="browserCloseandQuit()[pri:0, instance:testScript.Logintest@1bd4fdd]" started-at="2025-05-26T10:52:00 IST" name="browserCloseandQuit" finished-at="2025-05-26T10:52:00 IST" duration-ms="255" status="PASS">
          <reporter-output>
          </reporter-output>
        </test-method> <!-- browserCloseandQuit -->
        <test-method is-config="true" signature="initializeBrowser()[pri:0, instance:testScript.Logintest@1bd4fdd]" started-at="2025-05-26T10:52:00 IST" name="initializeBrowser" finished-at="2025-05-26T10:52:02 IST" duration-ms="1481" status="PASS">
          <reporter-output>
          </reporter-output>
        </test-method> <!-- initializeBrowser -->
        <test-method signature="VerifyUserLoginWithValidUserNameandinValidpassword()[pri:0, instance:testScript.Logintest@1bd4fdd]" started-at="2025-05-26T10:52:02 IST" name="VerifyUserLoginWithValidUserNameandinValidpassword" finished-at="2025-05-26T10:52:02 IST" duration-ms="239" status="PASS">
          <reporter-output>
          </reporter-output>
        </test-method> <!-- VerifyUserLoginWithValidUserNameandinValidpassword -->
        <test-method is-config="true" signature="browserCloseandQuit()[pri:0, instance:testScript.Logintest@1bd4fdd]" started-at="2025-05-26T10:52:02 IST" name="browserCloseandQuit" finished-at="2025-05-26T10:52:02 IST" duration-ms="198" status="PASS">
          <reporter-output>
          </reporter-output>
        </test-method> <!-- browserCloseandQuit -->
        <test-method is-config="true" signature="initializeBrowser()[pri:0, instance:testScript.Logintest@1bd4fdd]" started-at="2025-05-26T10:52:02 IST" name="initializeBrowser" finished-at="2025-05-26T10:52:03 IST" duration-ms="1431" status="PASS">
          <reporter-output>
          </reporter-output>
        </test-method> <!-- initializeBrowser -->
        <test-method signature="VerifyUserLoginWithinValidCredentials()[pri:0, instance:testScript.Logintest@1bd4fdd]" started-at="2025-05-26T10:52:03 IST" name="VerifyUserLoginWithinValidCredentials" finished-at="2025-05-26T10:52:04 IST" duration-ms="236" status="PASS">
          <reporter-output>
          </reporter-output>
        </test-method> <!-- VerifyUserLoginWithinValidCredentials -->
        <test-method is-config="true" signature="browserCloseandQuit()[pri:0, instance:testScript.Logintest@1bd4fdd]" started-at="2025-05-26T10:52:04 IST" name="browserCloseandQuit" finished-at="2025-05-26T10:52:04 IST" duration-ms="209" status="PASS">
          <reporter-output>
          </reporter-output>
        </test-method> <!-- browserCloseandQuit -->
        <test-method is-config="true" signature="initializeBrowser()[pri:0, instance:testScript.Logintest@1bd4fdd]" started-at="2025-05-26T10:52:04 IST" name="initializeBrowser" finished-at="2025-05-26T10:52:05 IST" duration-ms="1401" status="PASS">
          <reporter-output>
          </reporter-output>
        </test-method> <!-- initializeBrowser -->
        <test-method signature="VerifyUserLoginWithinValidUserNameanValdidpassword()[pri:0, instance:testScript.Logintest@1bd4fdd]" started-at="2025-05-26T10:52:05 IST" name="VerifyUserLoginWithinValidUserNameanValdidpassword" finished-at="2025-05-26T10:52:06 IST" duration-ms="248" status="PASS">
          <reporter-output>
          </reporter-output>
        </test-method> <!-- VerifyUserLoginWithinValidUserNameanValdidpassword -->
        <test-method is-config="true" signature="browserCloseandQuit()[pri:0, instance:testScript.Logintest@1bd4fdd]" started-at="2025-05-26T10:52:06 IST" name="browserCloseandQuit" finished-at="2025-05-26T10:52:06 IST" duration-ms="198" status="PASS">
          <reporter-output>
          </reporter-output>
        </test-method> <!-- browserCloseandQuit -->
      </class> <!-- testScript.Logintest -->
    </test> <!-- Default test -->
  </suite> <!-- Default suite -->
</testng-results>
