<?xml version="1.0" encoding="UTF-8"?>
<!-- Generated by org.testng.reporters.JUnitXMLReporter -->
<testsuite ignored="2" hostname="LAPTOP-3T5QBPT9" failures="0" tests="2" name="Test1" time="14.054" errors="0" timestamp="2025-06-16T11:33:18 IST">
  <testcase classname="testscript.LoginTest" name="verifyUserLoginWithValidCredentials" time="1.631"/>
  <testcase classname="testscript.LoginTest" name="verifyUserLoginWithInValidUserNameandInValidpassword" time="0.518"/>
  <testcase classname="testscript.LoginTest" name="verifyUserLoginWithValidUserNameandInValidpassword" time="0.0">
    <ignored/>
  </testcase> <!-- verifyUserLoginWithValidUserNameandInValidpassword -->
  <testcase classname="testscript.LoginTest" name="verifyUserLoginWithInValidUserNameandValidpassword" time="0.0">
    <ignored/>
  </testcase> <!-- verifyUserLoginWithInValidUserNameandValidpassword -->
</testsuite> <!-- Test1 -->
