<?xml version="1.0" encoding="UTF-8"?>
<!-- Generated by org.testng.reporters.JUnitXMLReporter -->
<testsuite ignored="2" hostname="LAPTOP-3T5QBPT9" failures="0" tests="4" name="Test" time="19.476" errors="0" timestamp="2025-06-13T12:20:23 IST">
  <testcase classname="testscript.LoginTest" name="verifyUserLoginWithValidCredentials" time="2.104"/>
  <testcase classname="testscript.LoginTest" name="verifyUserLoginWithValidUserNameandInValidpassword" time="0.754"/>
  <testcase classname="testscript.ManageCategoryTest" name="verifyWhetherTheUserCanEnterTheNewCategoryDetails" time="3.125"/>
  <testcase classname="testscript.ManageCategoryTest" name="verifywhetherUsercanSearchTheCategoryDetails" time="2.065"/>
  <testcase classname="testscript.LoginTest" name="verifyUserLoginWithInValidUserNameandValidpassword" time="0.0">
    <ignored/>
  </testcase> <!-- verifyUserLoginWithInValidUserNameandValidpassword -->
  <testcase classname="testscript.LoginTest" name="verifyUserLoginWithInValidUserNameandInValidpassword" time="0.0">
    <ignored/>
  </testcase> <!-- verifyUserLoginWithInValidUserNameandInValidpassword -->
</testsuite> <!-- Test -->
