<?xml version="1.0" encoding="UTF-8"?>
<!-- Generated by org.testng.reporters.JUnitXMLReporter -->
<testsuite ignored="0" hostname="LAPTOP-3T5QBPT9" failures="0" tests="13" name="Test" time="64.55" errors="0" timestamp="2025-06-18T15:04:30 IST">
  <testcase classname="testscript.LoginTest" name="verifyUserLoginWithValidCredentials" time="2.113"/>
  <testcase classname="testscript.LoginTest" name="verifyUserLoginWithValidUserNameandInValidpassword" time="0.7"/>
  <testcase classname="testscript.LoginTest" name="verifyUserLoginWithInValidUserNameandValidpassword" time="0.788"/>
  <testcase classname="testscript.LoginTest" name="verifyUserLoginWithInValidUserNameandInValidpassword" time="0.67"/>
  <testcase classname="testscript.LoginTest" name="verifyUserLoginWithInValidUserNameandInValidpassword" time="0.653"/>
  <testcase classname="testscript.LoginTest" name="verifyUserLoginWithInValidUserNameandInValidpassword" time="0.662"/>
  <testcase classname="testscript.HomeTest" name="verifywheatherUserCanSuccessfullyLogout" time="2.087"/>
  <testcase classname="testscript.AdminUsersTest" name="verifyWhethertheUsercanaddNewAdminuser" time="3.463"/>
  <testcase classname="testscript.AdminUsersTest" name="verifywhetherUsercanSearchthenewlyaddedUser" time="3.017"/>
  <testcase classname="testscript.ManageCategoryTest" name="verifyWhetherTheUserCanEnterTheNewCategoryDetails" time="3.026"/>
  <testcase classname="testscript.ManageCategoryTest" name="verifywhetherUsercanSearchTheCategoryDetails" time="2.192"/>
  <testcase classname="testscript.ManageNewsTest" name="verifyWhethertheUsercanaddNewNews" time="2.174"/>
  <testcase classname="testscript.ManageNewsTest" name="verifywhetherUserCanSearchNews" time="2.751"/>
</testsuite> <!-- Test -->
