<?xml version="1.0" encoding="UTF-8"?>
<!-- Generated by org.testng.reporters.JUnitXMLReporter -->
<testsuite ignored="0" hostname="LAPTOP-3T5QBPT9" failures="0" tests="4" name="Default test" time="11.207" errors="0" timestamp="2025-05-27T10:49:10 IST">
  <testcase classname="testScript.Logintest" name="VerifyUserLoginWithValidCredentials" time="1.696"/>
  <testcase classname="testScript.Logintest" name="VerifyUserLoginWithValidUserNameandinValidpassword" time="0.324"/>
  <testcase classname="testScript.Logintest" name="VerifyUserLoginWithinValidCredentials" time="0.337"/>
  <testcase classname="testScript.Logintest" name="VerifyUserLoginWithinValidUserNameanValdidpassword" time="0.326"/>
</testsuite> <!-- Default test -->
