<?xml version="1.0" encoding="UTF-8"?>
<!-- Generated by org.testng.reporters.JUnitXMLReporter -->
<testsuite ignored="0" hostname="LAPTOP-3T5QBPT9" failures="0" tests="4" name="Default test" time="8.455" errors="0" timestamp="2025-05-26T10:52:06 IST">
  <testcase classname="testScript.Logintest" name="VerifyUserLoginWithValidCredentials" time="0.452"/>
  <testcase classname="testScript.Logintest" name="VerifyUserLoginWithValidUserNameandinValidpassword" time="0.239"/>
  <testcase classname="testScript.Logintest" name="VerifyUserLoginWithinValidCredentials" time="0.236"/>
  <testcase classname="testScript.Logintest" name="VerifyUserLoginWithinValidUserNameanValdidpassword" time="0.248"/>
</testsuite> <!-- Default test -->
