<?xml version="1.0" encoding="UTF-8"?>
<!-- Generated by org.testng.reporters.JUnitXMLReporter -->
<testsuite ignored="2" hostname="LAPTOP-3T5QBPT9" failures="0" tests="1" name="Default test" time="6.755" errors="0" timestamp="2025-05-30T19:43:36 IST">
  <testcase classname="testScript.ManageNewsTest" name="verifywhetherUserCanSearchNews" time="2.719"/>
  <testcase classname="testScript.ManageNewsTest" name="verifyWhethertheUsercannavigatetoManageNewspage" time="0.0">
    <ignored/>
  </testcase> <!-- verifyWhethertheUsercannavigatetoManageNewspage -->
  <testcase classname="testScript.ManageNewsTest" name="verifyWhethertheUsercanaddNewNews" time="0.0">
    <ignored/>
  </testcase> <!-- verifyWhethertheUsercanaddNewNews -->
</testsuite> <!-- Default test -->
