<?xml version="1.0" encoding="UTF-8"?>
<!-- Generated by org.testng.reporters.JUnitXMLReporter -->
<testsuite ignored="1" hostname="LAPTOP-3T5QBPT9" failures="0" tests="1" name="Default test" time="4.424" errors="0" timestamp="2025-06-09T14:15:33 IST">
  <testcase classname="testScript.ManageCategoryTest" name="verifywhetherUsercanSearchTheCategoryDetails" time="1.883"/>
  <testcase classname="testScript.ManageCategoryTest" name="verifyWhetherTheUserCanEnterTheNewCategoryDetails" time="0.0">
    <ignored/>
  </testcase> <!-- verifyWhetherTheUserCanEnterTheNewCategoryDetails -->
</testsuite> <!-- Default test -->
